<?xml version="1.0" encoding="UTF-8"?>
<testsuite name="Inicio de sesion exitoso en el sitio web ProductStore" tests="1" skipped="0" failures="0" errors="0" timestamp="2021-03-22T17:18:10" hostname="DESKTOP-K9CSN3Q" time="14.661">
  <properties/>
  <testcase name="Inicio de sesion exitoso en ProductStore" classname="Inicio de sesion exitoso en el sitio web ProductStore" time="14.661"/>
  <system-out><![CDATA[]]></system-out>
  <system-err><![CDATA[mar 22, 2021 12:18:10 PM org.openqa.selenium.remote.DesiredCapabilities chrome
INFORMACIÓN: Using `new ChromeOptions()` is preferred to `DesiredCapabilities.chrome()`
Starting ChromeDriver 89.0.4389.23 (61b08ee2c50024bab004e48d2b1b083cdbdac579-refs/branch-heads/4389@{#294}) on port 4931
Only local connections are allowed.
Please see https://chromedriver.chromium.org/security-considerations for suggestions on keeping ChromeDriver safe.
ChromeDriver was started successfully.
mar 22, 2021 12:18:12 PM org.openqa.selenium.remote.ProtocolHandshake createSession
INFORMACIÓN: Detected dialect: W3C
14501 [Test worker] INFO net.thucydides.core.steps.ConsoleLoggingListener - 
        __    _____ _____ ____ _____   ____   _    ____  ____  _____ ____  
  _     \ \  |_   _| ____/ ___|_   _| |  _ \ / \  / ___|/ ___|| ____|  _ \ 
 (_)_____| |   | | |  _| \___ \ | |   | |_) / _ \ \___ \\___ \|  _| | | | |
  _|_____| |   | | | |___ ___) || |   |  __/ ___ \ ___) |___) | |___| |_| |
 (_)     | |   |_| |_____|____/ |_|   |_| /_/   \_\____/|____/|_____|____/ 
        /_/                                                                

TEST PASSED: Inicio de sesion exitoso en ProductStore
----------------------------------------------------------------------------
]]></system-err>
</testsuite>
